<?xml version="1.0" encoding="UTF-8"?>
<!-- Generated by org.testng.reporters.JUnitXMLReporter -->
<testsuite ignored="1" hostname="INBOOK_X1_SLIM" failures="0" tests="1" name="Default test" time="60.916" errors="0" timestamp="2024-06-01T19:10:45 IST">
  <testcase classname="regression_test_cases.LoginTestcases" name="TC_Add_New_Customer" time="42.895"/>
  <testcase classname="regression_test_cases.LoginTestcases" name="TC_Login_and_Logout" time="0.0">
    <ignored/>
  </testcase> <!-- TC_Login_and_Logout -->
</testsuite> <!-- Default test -->
