<?xml version="1.0" encoding="UTF-8"?>
<!-- Generated by org.testng.reporters.JUnitXMLReporter -->
<testsuite ignored="1" hostname="INBOOK_X1_SLIM" failures="0" tests="1" name="Test" time="74.547" errors="0" timestamp="2024-06-08T14:58:19 IST">
  <testcase classname="regression_test_cases.LoginTestcases" name="TC_Add_New_Customer" time="42.779"/>
  <testcase classname="regression_test_cases.LoginTestcases" name="TC_Login_and_Logout" time="0.0">
    <ignored/>
  </testcase> <!-- TC_Login_and_Logout -->
</testsuite> <!-- Test -->
