<?xml version="1.0" encoding="UTF-8"?>
<testng-results ignored="1" total="2" passed="1" failed="0" skipped="0">
  <reporter-output>
  </reporter-output>
  <suite started-at="2024-06-08T14:57:05 IST" name="Suite" finished-at="2024-06-08T14:58:19 IST" duration-ms="74547">
    <groups>
    </groups>
    <test started-at="2024-06-08T14:57:05 IST" name="Test" finished-at="2024-06-08T14:58:19 IST" duration-ms="74547">
      <class name="regression_test_cases.LoginTestcases">
        <test-method is-config="true" signature="setup()[pri:0, instance:regression_test_cases.LoginTestcases@47af7f3d]" started-at="2024-06-08T14:57:05 IST" name="setup" finished-at="2024-06-08T14:57:26 IST" duration-ms="20951" status="PASS">
          <reporter-output>
          </reporter-output>
        </test-method> <!-- setup -->
        <test-method signature="TC_Add_New_Customer()[pri:2, instance:regression_test_cases.LoginTestcases@47af7f3d]" started-at="2024-06-08T14:57:26 IST" name="TC_Add_New_Customer" finished-at="2024-06-08T14:58:08 IST" duration-ms="42779" status="PASS">
          <reporter-output>
          </reporter-output>
        </test-method> <!-- TC_Add_New_Customer -->
        <test-method is-config="true" signature="teardown()[pri:0, instance:regression_test_cases.LoginTestcases@47af7f3d]" started-at="2024-06-08T14:58:08 IST" name="teardown" finished-at="2024-06-08T14:58:19 IST" duration-ms="10755" status="PASS">
          <reporter-output>
          </reporter-output>
        </test-method> <!-- teardown -->
      </class> <!-- regression_test_cases.LoginTestcases -->
    </test> <!-- Test -->
  </suite> <!-- Suite -->
</testng-results>
